<?xml version="1.0" encoding="UTF-8"?>
<testng-results ignored="0" total="1" passed="0" failed="1" skipped="0">
  <reporter-output>
  </reporter-output>
  <suite started-at="2024-02-24T14:46:50 EST" name="Default suite" finished-at="2024-02-24T14:46:54 EST" duration-ms="4093">
    <groups>
    </groups>
    <test started-at="2024-02-24T14:46:50 EST" name="Default test" finished-at="2024-02-24T14:46:54 EST" duration-ms="4093">
      <class name="selenium.BrowserTest">
        <test-method signature="browserTest()[pri:0, instance:selenium.BrowserTest@4ac3c60d]" started-at="2024-02-24T14:46:50 EST" name="browserTest" finished-at="2024-02-24T14:46:54 EST" duration-ms="3960" status="FAIL">
          <exception class="org.openqa.selenium.SessionNotCreatedException">
            <message>
              <![CDATA[session not created: This version of ChromeDriver only supports Chrome version 110
Current browser version is 122.0.6261.69 with binary path C:\Program Files (x86)\Google\Chrome\Application\chrome.exe
Build info: version: '3.141.59', revision: 'e82be7d358', time: '2018-11-14T08:17:03'
System info: host: 'DESKTOP-O5JPKBS', ip: '192.168.1.9', os.name: 'Windows 11', os.arch: 'amd64', os.version: '10.0', java.version: '17.0.2'
Driver info: driver.version: ChromeDriver
remote stacktrace: Backtrace:
(No symbol) [0x00F037D3]
(No symbol) [0x00E98B81]
(No symbol) [0x00D9B36D]
(No symbol) [0x00DBED6D]
(No symbol) [0x00DB9B90]
(No symbol) [0x00DB6FC9]
(No symbol) [0x00DF1ED5]
(No symbol) [0x00DF1B2C]
(No symbol) [0x00DEB216]
(No symbol) [0x00DC0D97]
(No symbol) [0x00DC253D]
GetHandleVerifier [0x0117ABF2+2510930]
GetHandleVerifier [0x011A8EC1+2700065]
GetHandleVerifier [0x011AC86C+2714828]
GetHandleVerifier [0x00FB3480+645344]
(No symbol) [0x00EA0FD2]
(No symbol) [0x00EA6C68]
(No symbol) [0x00EA6D4B]
(No symbol) [0x00EB0D6B]
BaseThreadInitThunk [0x75E97BA9+25]
RtlInitializeExceptionChain [0x76F8BD3B+107]
RtlClearBits [0x76F8BCBF+191]
]]>
            </message>
            <full-stacktrace>
              <![CDATA[org.openqa.selenium.SessionNotCreatedException: session not created: This version of ChromeDriver only supports Chrome version 110
Current browser version is 122.0.6261.69 with binary path C:\Program Files (x86)\Google\Chrome\Application\chrome.exe
Build info: version: '3.141.59', revision: 'e82be7d358', time: '2018-11-14T08:17:03'
System info: host: 'DESKTOP-O5JPKBS', ip: '192.168.1.9', os.name: 'Windows 11', os.arch: 'amd64', os.version: '10.0', java.version: '17.0.2'
Driver info: driver.version: ChromeDriver
remote stacktrace: Backtrace:
(No symbol) [0x00F037D3]
(No symbol) [0x00E98B81]
(No symbol) [0x00D9B36D]
(No symbol) [0x00DBED6D]
(No symbol) [0x00DB9B90]
(No symbol) [0x00DB6FC9]
(No symbol) [0x00DF1ED5]
(No symbol) [0x00DF1B2C]
(No symbol) [0x00DEB216]
(No symbol) [0x00DC0D97]
(No symbol) [0x00DC253D]
GetHandleVerifier [0x0117ABF2+2510930]
GetHandleVerifier [0x011A8EC1+2700065]
GetHandleVerifier [0x011AC86C+2714828]
GetHandleVerifier [0x00FB3480+645344]
(No symbol) [0x00EA0FD2]
(No symbol) [0x00EA6C68]
(No symbol) [0x00EA6D4B]
(No symbol) [0x00EB0D6B]
BaseThreadInitThunk [0x75E97BA9+25]
RtlInitializeExceptionChain [0x76F8BD3B+107]
RtlClearBits [0x76F8BCBF+191]

at java.base/jdk.internal.reflect.NativeConstructorAccessorImpl.newInstance0(Native Method)
at java.base/jdk.internal.reflect.NativeConstructorAccessorImpl.newInstance(NativeConstructorAccessorImpl.java:77)
at java.base/jdk.internal.reflect.DelegatingConstructorAccessorImpl.newInstance(DelegatingConstructorAccessorImpl.java:45)
at java.base/java.lang.reflect.Constructor.newInstanceWithCaller(Constructor.java:499)
at java.base/java.lang.reflect.Constructor.newInstance(Constructor.java:480)
at org.openqa.selenium.remote.W3CHandshakeResponse.lambda$errorHandler$0(W3CHandshakeResponse.java:62)
at org.openqa.selenium.remote.HandshakeResponse.lambda$getResponseFunction$0(HandshakeResponse.java:30)
at org.openqa.selenium.remote.ProtocolHandshake.lambda$createSession$0(ProtocolHandshake.java:126)
at java.base/java.util.stream.ReferencePipeline$3$1.accept(ReferencePipeline.java:197)
at java.base/java.util.Spliterators$ArraySpliterator.tryAdvance(Spliterators.java:1002)
at java.base/java.util.stream.ReferencePipeline.forEachWithCancel(ReferencePipeline.java:129)
at java.base/java.util.stream.AbstractPipeline.copyIntoWithCancel(AbstractPipeline.java:527)
at java.base/java.util.stream.AbstractPipeline.copyInto(AbstractPipeline.java:513)
at java.base/java.util.stream.AbstractPipeline.wrapAndCopyInto(AbstractPipeline.java:499)
at java.base/java.util.stream.FindOps$FindOp.evaluateSequential(FindOps.java:150)
at java.base/java.util.stream.AbstractPipeline.evaluate(AbstractPipeline.java:234)
at java.base/java.util.stream.ReferencePipeline.findFirst(ReferencePipeline.java:647)
at org.openqa.selenium.remote.ProtocolHandshake.createSession(ProtocolHandshake.java:128)
at org.openqa.selenium.remote.ProtocolHandshake.createSession(ProtocolHandshake.java:74)
at org.openqa.selenium.remote.HttpCommandExecutor.execute(HttpCommandExecutor.java:136)
at org.openqa.selenium.remote.service.DriverCommandExecutor.execute(DriverCommandExecutor.java:83)
at org.openqa.selenium.remote.RemoteWebDriver.execute(RemoteWebDriver.java:552)
at org.openqa.selenium.remote.RemoteWebDriver.startSession(RemoteWebDriver.java:213)
at org.openqa.selenium.remote.RemoteWebDriver.<init>(RemoteWebDriver.java:131)
at org.openqa.selenium.chrome.ChromeDriver.<init>(ChromeDriver.java:181)
at org.openqa.selenium.chrome.ChromeDriver.<init>(ChromeDriver.java:168)
at org.openqa.selenium.chrome.ChromeDriver.<init>(ChromeDriver.java:123)
at selenium.BrowserTest.browserTest(BrowserTest.java:18)
at java.base/jdk.internal.reflect.NativeMethodAccessorImpl.invoke0(Native Method)
at java.base/jdk.internal.reflect.NativeMethodAccessorImpl.invoke(NativeMethodAccessorImpl.java:77)
at java.base/jdk.internal.reflect.DelegatingMethodAccessorImpl.invoke(DelegatingMethodAccessorImpl.java:43)
at java.base/java.lang.reflect.Method.invoke(Method.java:568)
at org.testng.internal.MethodInvocationHelper.invokeMethod(MethodInvocationHelper.java:132)
at org.testng.internal.TestInvoker.invokeMethod(TestInvoker.java:599)
at org.testng.internal.TestInvoker.invokeTestMethod(TestInvoker.java:174)
at org.testng.internal.MethodRunner.runInSequence(MethodRunner.java:46)
at org.testng.internal.TestInvoker$MethodInvocationAgent.invoke(TestInvoker.java:822)
at org.testng.internal.TestInvoker.invokeTestMethods(TestInvoker.java:147)
at org.testng.internal.TestMethodWorker.invokeTestMethods(TestMethodWorker.java:146)
at org.testng.internal.TestMethodWorker.run(TestMethodWorker.java:128)
at java.base/java.util.ArrayList.forEach(ArrayList.java:1511)
at org.testng.TestRunner.privateRun(TestRunner.java:764)
at org.testng.TestRunner.run(TestRunner.java:585)
at org.testng.SuiteRunner.runTest(SuiteRunner.java:384)
at org.testng.SuiteRunner.runSequentially(SuiteRunner.java:378)
at org.testng.SuiteRunner.privateRun(SuiteRunner.java:337)
at org.testng.SuiteRunner.run(SuiteRunner.java:286)
at org.testng.SuiteRunnerWorker.runSuite(SuiteRunnerWorker.java:53)
at org.testng.SuiteRunnerWorker.run(SuiteRunnerWorker.java:96)
at org.testng.TestNG.runSuitesSequentially(TestNG.java:1218)
at org.testng.TestNG.runSuitesLocally(TestNG.java:1140)
at org.testng.TestNG.runSuites(TestNG.java:1069)
at org.testng.TestNG.run(TestNG.java:1037)
at org.testng.remote.AbstractRemoteTestNG.run(AbstractRemoteTestNG.java:115)
at org.testng.remote.RemoteTestNG.initAndRun(RemoteTestNG.java:251)
at org.testng.remote.RemoteTestNG.main(RemoteTestNG.java:77)
]]>
            </full-stacktrace>
          </exception> <!-- org.openqa.selenium.SessionNotCreatedException -->
          <reporter-output>
          </reporter-output>
        </test-method> <!-- browserTest -->
      </class> <!-- selenium.BrowserTest -->
    </test> <!-- Default test -->
  </suite> <!-- Default suite -->
</testng-results>
